Hmm...  Looks like a unified diff to me...
can't find file to patch at input line 4
Perhaps you used the wrong -p or --strip option?
The text leading up to this was:
--------------------------
|diff -ur mc-4.6.2-pre1.orig/acinclude.m4 mc-4.6.2-pre1/acinclude.m4
|--- mc-4.6.2-pre1.orig/acinclude.m4	2006-09-07 19:59:51.000000000 +0400
|+++ mc-4.6.2-pre1/acinclude.m4	2008-07-05 23:48:53.000000000 +0400
--------------------------
File to patch: 
Skip this patch? [y] 
Skipping patch.
Hunk #1 ignored at 399.
1 out of 1 hunk ignored
Hmm...  The next patch looks like a unified diff to me...
can't find file to patch at input line 30
Perhaps you used the wrong -p or --strip option?
The text leading up to this was:
--------------------------
|diff -ur mc-4.6.2-pre1.orig/edit/edit.c mc-4.6.2-pre1/edit/edit.c
|--- mc-4.6.2-pre1.orig/edit/edit.c	2007-01-04 18:37:23.000000000 +0300
|+++ mc-4.6.2-pre1/edit/edit.c	2008-07-05 23:48:53.000000000 +0400
--------------------------
File to patch: 
Skip this patch? [y] 
Skipping patch.
Hunk #1 ignored at 102.
Hunk #2 ignored at 131.
Hunk #3 ignored at 156.
Hunk #4 ignored at 166.
Hunk #5 ignored at 239.
Hunk #6 ignored at 249.
Hunk #7 ignored at 290.
Hunk #8 ignored at 385.
Hunk #9 ignored at 451.
Hunk #10 ignored at 534.
Hunk #11 ignored at 689.
Hunk #12 ignored at 711.
Hunk #13 ignored at 722.
Hunk #14 ignored at 735.
Hunk #15 ignored at 759.
Hunk #16 ignored at 772.
Hunk #17 ignored at 784.
Hunk #18 ignored at 828.
Hunk #19 ignored at 866.
Hunk #20 ignored at 882.
Hunk #21 ignored at 905.
Hunk #22 ignored at 915.
Hunk #23 ignored at 939.
Hunk #24 ignored at 953.
Hunk #25 ignored at 977.
Hunk #26 ignored at 990.
Hunk #27 ignored at 1006.
Hunk #28 ignored at 1046.
Hunk #29 ignored at 1084.
Hunk #30 ignored at 1116.
Hunk #31 ignored at 1141.
Hunk #32 ignored at 1248.
Hunk #33 ignored at 1266.
Hunk #34 ignored at 1399.
Hunk #35 ignored at 1659.
Hunk #36 ignored at 1669.
Hunk #37 ignored at 1693.
Hunk #38 ignored at 1719.
Hunk #39 ignored at 1742.
Hunk #40 ignored at 1757.
Hunk #41 ignored at 1771.
Hunk #42 ignored at 1798.
Hunk #43 ignored at 2102.
Hunk #44 ignored at 2137.
Hunk #45 ignored at 2170.
45 out of 45 hunks ignored
Hmm...  The next patch looks like a unified diff to me...
can't find file to patch at input line 734
Perhaps you used the wrong -p or --strip option?
The text leading up to this was:
--------------------------
|diff -ur mc-4.6.2-pre1.orig/edit/editcmd.c mc-4.6.2-pre1/edit/editcmd.c
|--- mc-4.6.2-pre1.orig/edit/editcmd.c	2007-05-02 15:22:01.000000000 +0400
|+++ mc-4.6.2-pre1/edit/editcmd.c	2008-07-05 23:48:53.000000000 +0400
--------------------------
File to patch: 
Skip this patch? [y] 
Skipping patch.
Hunk #1 ignored at 61.
Hunk #2 ignored at 84.
Hunk #3 ignored at 124.
Hunk #4 ignored at 213.
Hunk #5 ignored at 360.
Hunk #6 ignored at 705.
Hunk #7 ignored at 744.
Hunk #8 ignored at 794.
Hunk #9 ignored at 944.
Hunk #10 ignored at 992.
Hunk #11 ignored at 1032.
Hunk #12 ignored at 1093.
Hunk #13 ignored at 1432.
Hunk #14 ignored at 1441.
Hunk #15 ignored at 1460.
Hunk #16 ignored at 1474.
Hunk #17 ignored at 1489.
Hunk #18 ignored at 1515.
Hunk #19 ignored at 1542.
Hunk #20 ignored at 1569.
Hunk #21 ignored at 1583.
Hunk #22 ignored at 1601.
Hunk #23 ignored at 1644.
Hunk #24 ignored at 1678.
Hunk #25 ignored at 1685.
Hunk #26 ignored at 1739.
Hunk #27 ignored at 1786.
Hunk #28 ignored at 1968.
Hunk #29 ignored at 1978.
Hunk #30 ignored at 2006.
Hunk #31 ignored at 2027.
Hunk #32 ignored at 2203.
Hunk #33 ignored at 2245.
Hunk #34 ignored at 2257.
Hunk #35 ignored at 2603.
Hunk #36 ignored at 2707.
Hunk #37 ignored at 2725.
Hunk #38 ignored at 2762.
Hunk #39 ignored at 2781.
Hunk #40 ignored at 2793.
Hunk #41 ignored at 2807.
Hunk #42 ignored at 2819.
Hunk #43 ignored at 2854.
Hunk #44 ignored at 2864.
Hunk #45 ignored at 2883.
Hunk #46 ignored at 2901.
46 out of 46 hunks ignored
Hmm...  The next patch looks like a unified diff to me...
can't find file to patch at input line 1821
Perhaps you used the wrong -p or --strip option?
The text leading up to this was:
--------------------------
|diff -ur mc-4.6.2-pre1.orig/edit/editdraw.c mc-4.6.2-pre1/edit/editdraw.c
|--- mc-4.6.2-pre1.orig/edit/editdraw.c	2007-08-27 16:06:03.000000000 +0400
|+++ mc-4.6.2-pre1/edit/editdraw.c	2008-07-05 23:48:53.000000000 +0400
--------------------------
File to patch: 
Skip this patch? [y] 
Skipping patch.
Hunk #1 ignored at 70.
Hunk #2 ignored at 206.
Hunk #3 ignored at 224.
Hunk #4 ignored at 235.
Hunk #5 ignored at 266.
Hunk #6 ignored at 279.
Hunk #7 ignored at 307.
Hunk #8 ignored at 372.
Hunk #9 ignored at 398.
9 out of 9 hunks ignored
Hmm...  The next patch looks like a unified diff to me...
can't find file to patch at input line 2095
Perhaps you used the wrong -p or --strip option?
The text leading up to this was:
--------------------------
|diff -ur mc-4.6.2-pre1.orig/edit/edit.h mc-4.6.2-pre1/edit/edit.h
|--- mc-4.6.2-pre1.orig/edit/edit.h	2006-12-11 01:07:28.000000000 +0300
|+++ mc-4.6.2-pre1/edit/edit.h	2008-07-05 23:48:53.000000000 +0400
--------------------------
File to patch: 
Skip this patch? [y] 
Skipping patch.
Hunk #1 ignored at 25.
Hunk #2 ignored at 86.
Hunk #3 ignored at 105.
Hunk #4 ignored at 120.
Hunk #5 ignored at 148.
Hunk #6 ignored at 183.
Hunk #7 ignored at 233.
7 out of 7 hunks ignored
Hmm...  The next patch looks like a unified diff to me...
can't find file to patch at input line 2190
Perhaps you used the wrong -p or --strip option?
The text leading up to this was:
--------------------------
|diff -ur mc-4.6.2-pre1.orig/edit/editkeys.c mc-4.6.2-pre1/edit/editkeys.c
|--- mc-4.6.2-pre1.orig/edit/editkeys.c	2006-02-01 20:07:11.000000000 +0300
|+++ mc-4.6.2-pre1/edit/editkeys.c	2008-07-05 23:48:53.000000000 +0400
--------------------------
File to patch: 
Skip this patch? [y] 
Skipping patch.
Hunk #1 ignored at 182.
Hunk #2 ignored at 242.
Hunk #3 ignored at 283.
3 out of 3 hunks ignored
Hmm...  The next patch looks like a unified diff to me...
can't find file to patch at input line 2247
Perhaps you used the wrong -p or --strip option?
The text leading up to this was:
--------------------------
|diff -ur mc-4.6.2-pre1.orig/edit/editwidget.c mc-4.6.2-pre1/edit/editwidget.c
|--- mc-4.6.2-pre1.orig/edit/editwidget.c	2006-12-11 01:07:28.000000000 +0300
|+++ mc-4.6.2-pre1/edit/editwidget.c	2008-07-05 23:48:53.000000000 +0400
--------------------------
File to patch: 
Skip this patch? [y] 
Skipping patch.
Hunk #1 ignored at 331.
1 out of 1 hunk ignored
Hmm...  The next patch looks like a unified diff to me...
can't find file to patch at input line 2260
Perhaps you used the wrong -p or --strip option?
The text leading up to this was:
--------------------------
|diff -ur mc-4.6.2-pre1.orig/edit/edit-widget.h mc-4.6.2-pre1/edit/edit-widget.h
|--- mc-4.6.2-pre1.orig/edit/edit-widget.h	2007-02-03 04:03:53.000000000 +0300
|+++ mc-4.6.2-pre1/edit/edit-widget.h	2008-07-05 23:48:53.000000000 +0400
--------------------------
File to patch: 
Skip this patch? [y] 
Skipping patch.
Hunk #1 ignored at 30.
Hunk #2 ignored at 42.
Hunk #3 ignored at 87.
3 out of 3 hunks ignored
Hmm...  The next patch looks like a unified diff to me...
can't find file to patch at input line 2302
Perhaps you used the wrong -p or --strip option?
The text leading up to this was:
--------------------------
|diff -ur mc-4.6.2-pre1.orig/edit/wordproc.c mc-4.6.2-pre1/edit/wordproc.c
|--- mc-4.6.2-pre1.orig/edit/wordproc.c	2006-06-17 00:01:29.000000000 +0400
|+++ mc-4.6.2-pre1/edit/wordproc.c	2008-07-05 23:48:53.000000000 +0400
--------------------------
File to patch: 
Skip this patch? [y] 
Skipping patch.
Hunk #1 ignored at 40.
Hunk #2 ignored at 57.
Hunk #3 ignored at 78.
Hunk #4 ignored at 131.
Hunk #5 ignored at 174.
Hunk #6 ignored at 198.
Hunk #7 ignored at 222.
Hunk #8 ignored at 241.
Hunk #9 ignored at 269.
Hunk #10 ignored at 278.
Hunk #11 ignored at 301.
Hunk #12 ignored at 334.
Hunk #13 ignored at 344.
13 out of 13 hunks ignored
Hmm...  The next patch looks like a unified diff to me...
can't find file to patch at input line 2524
Perhaps you used the wrong -p or --strip option?
The text leading up to this was:
--------------------------
|diff -ur mc-4.6.2-pre1.orig/src/achown.c mc-4.6.2-pre1/src/achown.c
|--- mc-4.6.2-pre1.orig/src/achown.c	2005-09-05 05:36:58.000000000 +0400
|+++ mc-4.6.2-pre1/src/achown.c	2008-07-05 23:48:53.000000000 +0400
--------------------------
File to patch: 
Skip this patch? [y] 
Skipping patch.
Hunk #1 ignored at 584.
1 out of 1 hunk ignored
Hmm...  The next patch looks like a unified diff to me...
can't find file to patch at input line 2540
Perhaps you used the wrong -p or --strip option?
The text leading up to this was:
--------------------------
|diff -ur mc-4.6.2-pre1.orig/src/boxes.c mc-4.6.2-pre1/src/boxes.c
|--- mc-4.6.2-pre1.orig/src/boxes.c	2006-02-28 19:15:21.000000000 +0300
|+++ mc-4.6.2-pre1/src/boxes.c	2008-07-05 23:48:53.000000000 +0400
--------------------------
File to patch: 
Skip this patch? [y] 
Skipping patch.
Hunk #1 ignored at 153.
Hunk #2 ignored at 288.
Hunk #3 ignored at 310.
Hunk #4 ignored at 408.
Hunk #5 ignored at 423.
Hunk #6 ignored at 497.
Hunk #7 ignored at 509.
Hunk #8 ignored at 605.
Hunk #9 ignored at 816.
Hunk #10 ignored at 975.
Hunk #11 ignored at 984.
Hunk #12 ignored at 1042.
Hunk #13 ignored at 1052.
Hunk #14 ignored at 1061.
14 out of 14 hunks ignored
Hmm...  The next patch looks like a unified diff to me...
can't find file to patch at input line 2715
Perhaps you used the wrong -p or --strip option?
The text leading up to this was:
--------------------------
|diff -ur mc-4.6.2-pre1.orig/src/dialog.c mc-4.6.2-pre1/src/dialog.c
|--- mc-4.6.2-pre1.orig/src/dialog.c	2005-09-05 07:20:27.000000000 +0400
|+++ mc-4.6.2-pre1/src/dialog.c	2008-07-05 23:48:53.000000000 +0400
--------------------------
File to patch: 
Skip this patch? [y] 
Skipping patch.
Hunk #1 ignored at 166.
1 out of 1 hunk ignored
Hmm...  The next patch looks like a unified diff to me...
can't find file to patch at input line 2727
Perhaps you used the wrong -p or --strip option?
The text leading up to this was:
--------------------------
|diff -ur mc-4.6.2-pre1.orig/src/file.c mc-4.6.2-pre1/src/file.c
|--- mc-4.6.2-pre1.orig/src/file.c	2007-02-22 17:29:11.000000000 +0300
|+++ mc-4.6.2-pre1/src/file.c	2008-07-05 23:48:53.000000000 +0400
--------------------------
File to patch: 
Skip this patch? [y] 
Skipping patch.
Hunk #1 ignored at 161.
Hunk #2 ignored at 213.
Hunk #3 ignored at 227.
Hunk #4 ignored at 1688.
4 out of 4 hunks ignored
Hmm...  The next patch looks like a unified diff to me...
can't find file to patch at input line 2784
Perhaps you used the wrong -p or --strip option?
The text leading up to this was:
--------------------------
|diff -ur mc-4.6.2-pre1.orig/src/filegui.c mc-4.6.2-pre1/src/filegui.c
|--- mc-4.6.2-pre1.orig/src/filegui.c	2007-08-23 17:16:39.000000000 +0400
|+++ mc-4.6.2-pre1/src/filegui.c	2008-07-05 23:48:53.000000000 +0400
--------------------------
File to patch: 
Skip this patch? [y] 
Skipping patch.
Hunk #1 ignored at 65.
Hunk #2 ignored at 563.
Hunk #3 ignored at 575.
Hunk #4 ignored at 593.
Hunk #5 ignored at 617.
Hunk #6 ignored at 804.
Hunk #7 ignored at 855.
Hunk #8 ignored at 864.
Hunk #9 ignored at 928.
Hunk #10 ignored at 981.
10 out of 10 hunks ignored
Hmm...  The next patch looks like a unified diff to me...
can't find file to patch at input line 2932
Perhaps you used the wrong -p or --strip option?
The text leading up to this was:
--------------------------
|diff -ur mc-4.6.2-pre1.orig/src/find.c mc-4.6.2-pre1/src/find.c
|--- mc-4.6.2-pre1.orig/src/find.c	2006-02-04 14:03:35.000000000 +0300
|+++ mc-4.6.2-pre1/src/find.c	2008-07-05 23:48:53.000000000 +0400
--------------------------
File to patch: 
Skip this patch? [y] 
Skipping patch.
Hunk #1 ignored at 217.
Hunk #2 ignored at 226.
Hunk #3 ignored at 235.
Hunk #4 ignored at 863.
Hunk #5 ignored at 1028.
5 out of 5 hunks ignored
Hmm...  The next patch looks like a unified diff to me...
can't find file to patch at input line 2982
Perhaps you used the wrong -p or --strip option?
The text leading up to this was:
--------------------------
|diff -ur mc-4.6.2-pre1.orig/src/help.c mc-4.6.2-pre1/src/help.c
|--- mc-4.6.2-pre1.orig/src/help.c	2007-01-20 14:40:45.000000000 +0300
|+++ mc-4.6.2-pre1/src/help.c	2008-07-05 23:48:53.000000000 +0400
--------------------------
File to patch: 
Skip this patch? [y] 
Skipping patch.
Hunk #1 ignored at 447.
Hunk #2 ignored at 803.
2 out of 2 hunks ignored
Hmm...  The next patch looks like a unified diff to me...
can't find file to patch at input line 3027
Perhaps you used the wrong -p or --strip option?
The text leading up to this was:
--------------------------
|diff -ur mc-4.6.2-pre1.orig/src/hotlist.c mc-4.6.2-pre1/src/hotlist.c
|--- mc-4.6.2-pre1.orig/src/hotlist.c	2006-08-08 16:17:14.000000000 +0400
|+++ mc-4.6.2-pre1/src/hotlist.c	2008-07-05 23:48:53.000000000 +0400
--------------------------
File to patch: 
Skip this patch? [y] 
Skipping patch.
Hunk #1 ignored at 563.
Hunk #2 ignored at 588.
Hunk #3 ignored at 834.
Hunk #4 ignored at 883.
Hunk #5 ignored at 979.
Hunk #6 ignored at 1035.
6 out of 6 hunks ignored
Hmm...  The next patch looks like a unified diff to me...
can't find file to patch at input line 3090
Perhaps you used the wrong -p or --strip option?
The text leading up to this was:
--------------------------
|diff -ur mc-4.6.2-pre1.orig/src/layout.c mc-4.6.2-pre1/src/layout.c
|--- mc-4.6.2-pre1.orig/src/layout.c	2006-11-08 16:37:25.000000000 +0300
|+++ mc-4.6.2-pre1/src/layout.c	2008-07-05 23:48:53.000000000 +0400
--------------------------
File to patch: 
Skip this patch? [y] 
Skipping patch.
Hunk #1 ignored at 366.
Hunk #2 ignored at 409.
Hunk #3 ignored at 684.
3 out of 3 hunks ignored
Hmm...  The next patch looks like a unified diff to me...
can't find file to patch at input line 3166
Perhaps you used the wrong -p or --strip option?
The text leading up to this was:
--------------------------
|diff -ur mc-4.6.2-pre1.orig/src/learn.c mc-4.6.2-pre1/src/learn.c
|--- mc-4.6.2-pre1.orig/src/learn.c	2005-05-27 07:35:15.000000000 +0400
|+++ mc-4.6.2-pre1/src/learn.c	2008-07-05 23:48:53.000000000 +0400
--------------------------
File to patch: 
Skip this patch? [y] 
Skipping patch.
Hunk #1 ignored at 237.
1 out of 1 hunk ignored
Hmm...  The next patch looks like a unified diff to me...
can't find file to patch at input line 3178
Perhaps you used the wrong -p or --strip option?
The text leading up to this was:
--------------------------
|diff -ur mc-4.6.2-pre1.orig/src/main.c mc-4.6.2-pre1/src/main.c
|--- mc-4.6.2-pre1.orig/src/main.c	2006-09-22 19:14:58.000000000 +0400
|+++ mc-4.6.2-pre1/src/main.c	2008-07-05 23:48:53.000000000 +0400
--------------------------
File to patch: 
Skip this patch? [y] 
Skipping patch.
Hunk #1 ignored at 704.
Hunk #2 ignored at 1610.
2 out of 2 hunks ignored
Hmm...  The next patch looks like a unified diff to me...
can't find file to patch at input line 3202
Perhaps you used the wrong -p or --strip option?
The text leading up to this was:
--------------------------
|diff -ur mc-4.6.2-pre1.orig/src/menu.c mc-4.6.2-pre1/src/menu.c
|--- mc-4.6.2-pre1.orig/src/menu.c	2005-09-05 06:12:09.000000000 +0400
|+++ mc-4.6.2-pre1/src/menu.c	2008-07-05 23:48:53.000000000 +0400
--------------------------
File to patch: 
Skip this patch? [y] 
Skipping patch.
Hunk #1 ignored at 22.
Hunk #2 ignored at 53.
Hunk #3 ignored at 112.
Hunk #4 ignored at 122.
Hunk #5 ignored at 168.
Hunk #6 ignored at 493.
Hunk #7 ignored at 506.
Hunk #8 ignored at 530.
8 out of 8 hunks ignored
Hmm...  The next patch looks like a unified diff to me...
can't find file to patch at input line 3406
Perhaps you used the wrong -p or --strip option?
The text leading up to this was:
--------------------------
|diff -ur mc-4.6.2-pre1.orig/src/menu.h mc-4.6.2-pre1/src/menu.h
|--- mc-4.6.2-pre1.orig/src/menu.h	2004-12-03 22:17:47.000000000 +0300
|+++ mc-4.6.2-pre1/src/menu.h	2008-07-05 23:48:53.000000000 +0400
--------------------------
File to patch: 
Skip this patch? [y] 
Skipping patch.
Hunk #1 ignored at 21.
1 out of 1 hunk ignored
Hmm...  The next patch looks like a unified diff to me...
can't find file to patch at input line 3418
Perhaps you used the wrong -p or --strip option?
The text leading up to this was:
--------------------------
|diff -ur mc-4.6.2-pre1.orig/src/myslang.h mc-4.6.2-pre1/src/myslang.h
|--- mc-4.6.2-pre1.orig/src/myslang.h	2005-09-05 07:22:04.000000000 +0400
|+++ mc-4.6.2-pre1/src/myslang.h	2008-07-05 23:48:53.000000000 +0400
--------------------------
File to patch: 
Skip this patch? [y] 
Skipping patch.
Hunk #1 ignored at 11.
1 out of 1 hunk ignored
Hmm...  The next patch looks like a unified diff to me...
can't find file to patch at input line 3438
Perhaps you used the wrong -p or --strip option?
The text leading up to this was:
--------------------------
|diff -ur mc-4.6.2-pre1.orig/src/option.c mc-4.6.2-pre1/src/option.c
|--- mc-4.6.2-pre1.orig/src/option.c	2006-02-28 19:15:21.000000000 +0300
|+++ mc-4.6.2-pre1/src/option.c	2008-07-05 23:48:53.000000000 +0400
--------------------------
File to patch: 
Skip this patch? [y] 
Skipping patch.
Hunk #1 ignored at 123.
Hunk #2 ignored at 141.
2 out of 2 hunks ignored
Hmm...  The next patch looks like a unified diff to me...
can't find file to patch at input line 3488
Perhaps you used the wrong -p or --strip option?
The text leading up to this was:
--------------------------
|diff -ur mc-4.6.2-pre1.orig/src/panelize.c mc-4.6.2-pre1/src/panelize.c
|--- mc-4.6.2-pre1.orig/src/panelize.c	2005-05-27 07:35:15.000000000 +0400
|+++ mc-4.6.2-pre1/src/panelize.c	2008-07-05 23:48:53.000000000 +0400
--------------------------
File to patch: 
Skip this patch? [y] 
Skipping patch.
Hunk #1 ignored at 127.
Hunk #2 ignored at 136.
2 out of 2 hunks ignored
Hmm...  The next patch looks like a unified diff to me...
can't find file to patch at input line 3515
Perhaps you used the wrong -p or --strip option?
The text leading up to this was:
--------------------------
|diff -ur mc-4.6.2-pre1.orig/src/screen.c mc-4.6.2-pre1/src/screen.c
|--- mc-4.6.2-pre1.orig/src/screen.c	2007-08-24 16:22:29.000000000 +0400
|+++ mc-4.6.2-pre1/src/screen.c	2008-07-05 23:48:53.000000000 +0400
--------------------------
File to patch: 
Skip this patch? [y] 
Skipping patch.
Hunk #1 ignored at 171.
Hunk #2 ignored at 450.
Hunk #3 ignored at 539.
Hunk #4 ignored at 564.
Hunk #5 ignored at 614.
Hunk #6 ignored at 643.
Hunk #7 ignored at 692.
Hunk #8 ignored at 1104.
Hunk #9 ignored at 1128.
Hunk #10 ignored at 1894.
Hunk #11 ignored at 1907.
Hunk #12 ignored at 1917.
Hunk #13 ignored at 1928.
13 out of 13 hunks ignored
Hmm...  The next patch looks like a unified diff to me...
can't find file to patch at input line 3945
Perhaps you used the wrong -p or --strip option?
The text leading up to this was:
--------------------------
|diff -ur mc-4.6.2-pre1.orig/src/slint.c mc-4.6.2-pre1/src/slint.c
|--- mc-4.6.2-pre1.orig/src/slint.c	2005-09-05 06:14:29.000000000 +0400
|+++ mc-4.6.2-pre1/src/slint.c	2008-07-05 23:48:53.000000000 +0400
--------------------------
File to patch: 
Skip this patch? [y] 
Skipping patch.
Hunk #1 ignored at 141.
1 out of 1 hunk ignored
Hmm...  The next patch looks like a unified diff to me...
can't find file to patch at input line 3959
Perhaps you used the wrong -p or --strip option?
The text leading up to this was:
--------------------------
|diff -ur mc-4.6.2-pre1.orig/src/tty.c mc-4.6.2-pre1/src/tty.c
|--- mc-4.6.2-pre1.orig/src/tty.c	2006-05-23 11:38:59.000000000 +0400
|+++ mc-4.6.2-pre1/src/tty.c	2008-07-05 23:48:53.000000000 +0400
--------------------------
File to patch: 
Skip this patch? [y] 
Skipping patch.
Hunk #1 ignored at 134.
1 out of 1 hunk ignored
Hmm...  The next patch looks like a unified diff to me...
can't find file to patch at input line 3979
Perhaps you used the wrong -p or --strip option?
The text leading up to this was:
--------------------------
|diff -ur mc-4.6.2-pre1.orig/src/tty.h mc-4.6.2-pre1/src/tty.h
|--- mc-4.6.2-pre1.orig/src/tty.h	2006-05-15 17:26:18.000000000 +0400
|+++ mc-4.6.2-pre1/src/tty.h	2008-07-05 23:48:53.000000000 +0400
--------------------------
File to patch: 
Skip this patch? [y] 
Skipping patch.
Hunk #1 ignored at 8.
1 out of 1 hunk ignored
Hmm...  The next patch looks like a unified diff to me...
can't find file to patch at input line 3991
Perhaps you used the wrong -p or --strip option?
The text leading up to this was:
--------------------------
|diff -ur mc-4.6.2-pre1.orig/src/util.c mc-4.6.2-pre1/src/util.c
|--- mc-4.6.2-pre1.orig/src/util.c	2005-11-03 05:18:38.000000000 +0300
|+++ mc-4.6.2-pre1/src/util.c	2008-07-05 23:48:53.000000000 +0400
--------------------------
File to patch: 
Skip this patch? [y] 
Skipping patch.
Hunk #1 ignored at 33.
Hunk #2 ignored at 45.
Hunk #3 ignored at 78.
Hunk #4 ignored at 98.
Hunk #5 ignored at 111.
Hunk #6 ignored at 206.
Hunk #7 ignored at 228.
Hunk #8 ignored at 678.
Hunk #9 ignored at 715.
Hunk #10 ignored at 724.
Hunk #11 ignored at 742.
Hunk #12 ignored at 770.
Hunk #13 ignored at 900.
13 out of 13 hunks ignored
Hmm...  The next patch looks like a unified diff to me...
can't find file to patch at input line 4463
Perhaps you used the wrong -p or --strip option?
The text leading up to this was:
--------------------------
|diff -ur mc-4.6.2-pre1.orig/src/util.h mc-4.6.2-pre1/src/util.h
|--- mc-4.6.2-pre1.orig/src/util.h	2006-02-03 20:04:17.000000000 +0300
|+++ mc-4.6.2-pre1/src/util.h	2008-07-05 23:48:53.000000000 +0400
--------------------------
File to patch: 
Skip this patch? [y] 
Skipping patch.
Hunk #1 ignored at 103.
1 out of 1 hunk ignored
Hmm...  The next patch looks like a unified diff to me...
can't find file to patch at input line 4480
Perhaps you used the wrong -p or --strip option?
The text leading up to this was:
--------------------------
|diff -ur mc-4.6.2-pre1.orig/src/view.c mc-4.6.2-pre1/src/view.c
|--- mc-4.6.2-pre1.orig/src/view.c	2006-12-30 16:16:54.000000000 +0300
|+++ mc-4.6.2-pre1/src/view.c	2008-07-05 23:48:53.000000000 +0400
--------------------------
File to patch: 
Skip this patch? [y] 
Skipping patch.
Hunk #1 ignored at 43.
Hunk #2 ignored at 1642.
Hunk #3 ignored at 1910.
Hunk #4 ignored at 1922.
Hunk #5 ignored at 1988.
5 out of 5 hunks ignored
Hmm...  The next patch looks like a unified diff to me...
can't find file to patch at input line 4577
Perhaps you used the wrong -p or --strip option?
The text leading up to this was:
--------------------------
|Только в mc-4.6.2-pre1/src: view.c.orig
|diff -ur mc-4.6.2-pre1.orig/src/widget.c mc-4.6.2-pre1/src/widget.c
|--- mc-4.6.2-pre1.orig/src/widget.c	2006-05-29 15:58:43.000000000 +0400
|+++ mc-4.6.2-pre1/src/widget.c	2008-07-05 23:48:53.000000000 +0400
--------------------------
File to patch: 
Skip this patch? [y] 
Skipping patch.
Hunk #1 ignored at 36.
Hunk #2 ignored at 182.
Hunk #3 ignored at 215.
Hunk #4 ignored at 238.
Hunk #5 ignored at 266.
Hunk #6 ignored at 280.
Hunk #7 ignored at 362.
Hunk #8 ignored at 408.
Hunk #9 ignored at 468.
Hunk #10 ignored at 505.
Hunk #11 ignored at 572.
Hunk #12 ignored at 606.
Hunk #13 ignored at 630.
Hunk #14 ignored at 778.
Hunk #15 ignored at 794.
Hunk #16 ignored at 814.
Hunk #17 ignored at 974.
Hunk #18 ignored at 987.
Hunk #19 ignored at 1157.
Hunk #20 ignored at 1193.
Hunk #21 ignored at 1206.
Hunk #22 ignored at 1227.
Hunk #23 ignored at 1241.
Hunk #24 ignored at 1273.
Hunk #25 ignored at 1282.
Hunk #26 ignored at 1300.
Hunk #27 ignored at 1308.
Hunk #28 ignored at 1329.
Hunk #29 ignored at 1372.
Hunk #30 ignored at 1391.
Hunk #31 ignored at 1520.
Hunk #32 ignored at 1548.
Hunk #33 ignored at 1581.
Hunk #34 ignored at 1621.
Hunk #35 ignored at 1645.
Hunk #36 ignored at 1702.
36 out of 36 hunks ignored
Hmm...  The next patch looks like a unified diff to me...
can't find file to patch at input line 5295
Perhaps you used the wrong -p or --strip option?
The text leading up to this was:
--------------------------
|diff -ur mc-4.6.2-pre1.orig/src/widget.h mc-4.6.2-pre1/src/widget.h
|--- mc-4.6.2-pre1.orig/src/widget.h	2006-02-28 19:15:21.000000000 +0300
|+++ mc-4.6.2-pre1/src/widget.h	2008-07-05 23:48:53.000000000 +0400
--------------------------
File to patch: 
Skip this patch? [y] 
Skipping patch.
Hunk #1 ignored at 22.
Hunk #2 ignored at 42.
Hunk #3 ignored at 57.
3 out of 3 hunks ignored
Hmm...  The next patch looks like a unified diff to me...
can't find file to patch at input line 5340
Perhaps you used the wrong -p or --strip option?
The text leading up to this was:
--------------------------
|diff -ur mc-4.6.2-pre1.orig/src/wtools.c mc-4.6.2-pre1/src/wtools.c
|--- mc-4.6.2-pre1.orig/src/wtools.c	2006-09-14 13:12:49.000000000 +0400
|+++ mc-4.6.2-pre1/src/wtools.c	2008-07-05 23:48:53.000000000 +0400
--------------------------
File to patch: 
Skip this patch? [y] 
Skipping patch.
Hunk #1 ignored at 49.
Hunk #2 ignored at 124.
Hunk #3 ignored at 133.
Hunk #4 ignored at 148.
Hunk #5 ignored at 463.
Hunk #6 ignored at 485.
6 out of 6 hunks ignored
done
