Hmm...missing header for unified diff at line 4 of patch
  Looks like a unified diff to me...
can't find file to patch at input line 4
Perhaps you used the wrong -p or --strip option?
The text leading up to this was:
--------------------------
|diff -up mc-4.6.2-pre1/configure.extensions mc-4.6.2-pre1/configure
|--- mc-4.6.2-pre1/configure.extensions	2007-09-11 16:33:32.000000000 +0200
|+++ mc-4.6.2-pre1/configure	2008-03-07 14:28:51.000000000 +0100
--------------------------
File to patch: 
Skip this patch? [y] 
Skipping patch.
Hunk #1 ignored at 5736.
1 out of 1 hunk ignored
Hmm...  The next patch looks like a unified diff to me...
can't find file to patch at input line 16
Perhaps you used the wrong -p or --strip option?
The text leading up to this was:
--------------------------
|diff -up mc-4.6.2-pre1/lib/mc.ext.in.extensions mc-4.6.2-pre1/lib/mc.ext.in
|--- mc-4.6.2-pre1/lib/mc.ext.in.extensions	2006-12-28 04:57:01.000000000 +0100
|+++ mc-4.6.2-pre1/lib/mc.ext.in	2008-03-07 14:28:31.000000000 +0100
--------------------------
File to patch: 
Skip this patch? [y] 
Skipping patch.
Hunk #1 ignored at 119.
Hunk #2 ignored at 220.
Hunk #3 ignored at 251.
Hunk #4 ignored at 298.
Hunk #5 ignored at 328.
Hunk #6 ignored at 347.
Hunk #7 ignored at 357.
Hunk #8 ignored at 371.
Hunk #9 ignored at 395.
Hunk #10 ignored at 417.
Hunk #11 ignored at 433.
Hunk #12 ignored at 450.
Hunk #13 ignored at 542.
13 out of 13 hunks ignored
Hmm...missing header for unified diff at line 259 of patch
  The next patch looks like a unified diff to me...
can't find file to patch at input line 259
Perhaps you used the wrong -p or --strip option?
The text leading up to this was:
--------------------------
|diff -up mc-4.6.2-pre1/configure.ac.extensions mc-4.6.2-pre1/configure.ac
|--- mc-4.6.2-pre1/configure.ac.extensions	2007-09-10 16:25:30.000000000 +0200
|+++ mc-4.6.2-pre1/configure.ac	2008-03-07 14:28:51.000000000 +0100
--------------------------
File to patch: 
Skip this patch? [y] 
Skipping patch.
Hunk #1 ignored at 83.
1 out of 1 hunk ignored
done
