Hmm...  Looks like a unified diff to me...
The text leading up to this was:
--------------------------
|diff -ur mc-4.6.2-pre1.orig/edit/editwidget.c mc-4.6.2-pre1/edit/editwidget.c
|--- mc-4.6.2-pre1.orig/edit/editwidget.c	2008-07-06 19:26:20.000000000 +0400
|+++ mc-4.6.2-pre1/edit/editwidget.c	2008-07-06 19:26:29.000000000 +0400
--------------------------
Patching file edit/editwidget.c using Plan A...
Unreversed patch detected!  Ignore -R? [n] 
Apply anyway? [n] 
Skipping patch.
Hunk #1 ignored at 44.
Hunk #2 ignored at 171.
Hunk #3 ignored at 206.
3 out of 3 hunks ignored -- saving rejects to file edit/editwidget.c.rej
Hmm...  The next patch looks like a unified diff to me...
The text leading up to this was:
--------------------------
|diff -ur mc-4.6.2-pre1.orig/src/main.c mc-4.6.2-pre1/src/main.c
|--- mc-4.6.2-pre1.orig/src/main.c	2008-07-06 19:26:20.000000000 +0400
|+++ mc-4.6.2-pre1/src/main.c	2008-07-06 19:26:29.000000000 +0400
--------------------------
Patching file src/main.c using Plan A...
Unreversed patch detected!  Ignore -R? [n] 
Apply anyway? [n] 
Skipping patch.
Hunk #1 ignored at 28.
Hunk #2 ignored at 275.
Hunk #3 ignored at 1606.
Hunk #4 ignored at 1619.
4 out of 4 hunks ignored -- saving rejects to file src/main.c.rej
Hmm...  The next patch looks like a unified diff to me...
The text leading up to this was:
--------------------------
|diff -ur mc-4.6.2-pre1.orig/src/main.h mc-4.6.2-pre1/src/main.h
|--- mc-4.6.2-pre1.orig/src/main.h	2006-02-03 20:07:39.000000000 +0300
|+++ mc-4.6.2-pre1/src/main.h	2008-07-06 19:26:29.000000000 +0400
--------------------------
Patching file src/main.h using Plan A...
Unreversed patch detected!  Ignore -R? [n] 
Apply anyway? [n] 
Skipping patch.
Hunk #1 ignored at 69.
1 out of 1 hunk ignored -- saving rejects to file src/main.h.rej
Hmm...  The next patch looks like a unified diff to me...
The text leading up to this was:
--------------------------
|diff -ur mc-4.6.2-pre1.orig/src/view.c mc-4.6.2-pre1/src/view.c
|--- mc-4.6.2-pre1.orig/src/view.c	2008-07-06 19:26:20.000000000 +0400
|+++ mc-4.6.2-pre1/src/view.c	2008-07-06 19:26:29.000000000 +0400
--------------------------
Patching file src/view.c using Plan A...
Unreversed patch detected!  Ignore -R? [n] 
Apply anyway? [n] 
Skipping patch.
Hunk #1 ignored at 3321.
Hunk #2 ignored at 3344.
2 out of 2 hunks ignored -- saving rejects to file src/view.c.rej
done
