Hmm...  Looks like a unified diff to me...
can't find file to patch at input line 4
Perhaps you used the wrong -p or --strip option?
The text leading up to this was:
--------------------------
|diff -ur mc-4.6.2-pre1.orig/edit/editwidget.c mc-4.6.2-pre1/edit/editwidget.c
|--- mc-4.6.2-pre1.orig/edit/editwidget.c	2008-07-06 19:26:20.000000000 +0400
|+++ mc-4.6.2-pre1/edit/editwidget.c	2008-07-06 19:26:29.000000000 +0400
--------------------------
File to patch: 
Skip this patch? [y] 
Skipping patch.
Hunk #1 ignored at 44.
Hunk #2 ignored at 171.
Hunk #3 ignored at 206.
3 out of 3 hunks ignored
Hmm...  The next patch looks like a unified diff to me...
can't find file to patch at input line 38
Perhaps you used the wrong -p or --strip option?
The text leading up to this was:
--------------------------
|diff -ur mc-4.6.2-pre1.orig/src/main.c mc-4.6.2-pre1/src/main.c
|--- mc-4.6.2-pre1.orig/src/main.c	2008-07-06 19:26:20.000000000 +0400
|+++ mc-4.6.2-pre1/src/main.c	2008-07-06 19:26:29.000000000 +0400
--------------------------
File to patch: 
Skip this patch? [y] 
Skipping patch.
Hunk #1 ignored at 28.
Hunk #2 ignored at 275.
Hunk #3 ignored at 1606.
Hunk #4 ignored at 1619.
4 out of 4 hunks ignored
Hmm...  The next patch looks like a unified diff to me...
can't find file to patch at input line 92
Perhaps you used the wrong -p or --strip option?
The text leading up to this was:
--------------------------
|diff -ur mc-4.6.2-pre1.orig/src/main.h mc-4.6.2-pre1/src/main.h
|--- mc-4.6.2-pre1.orig/src/main.h	2006-02-03 20:07:39.000000000 +0300
|+++ mc-4.6.2-pre1/src/main.h	2008-07-06 19:26:29.000000000 +0400
--------------------------
File to patch: 
Skip this patch? [y] 
Skipping patch.
Hunk #1 ignored at 69.
1 out of 1 hunk ignored
Hmm...  The next patch looks like a unified diff to me...
can't find file to patch at input line 103
Perhaps you used the wrong -p or --strip option?
The text leading up to this was:
--------------------------
|diff -ur mc-4.6.2-pre1.orig/src/view.c mc-4.6.2-pre1/src/view.c
|--- mc-4.6.2-pre1.orig/src/view.c	2008-07-06 19:26:20.000000000 +0400
|+++ mc-4.6.2-pre1/src/view.c	2008-07-06 19:26:29.000000000 +0400
--------------------------
File to patch: 
Skip this patch? [y] 
Skipping patch.
Hunk #1 ignored at 3370.
Hunk #2 ignored at 3393.
2 out of 2 hunks ignored
done
