Hmm...  Looks like a unified diff to me...
The text leading up to this was:
--------------------------
|diff -ur mc-4.6.2-pre1.orig/slang/slcommon.c mc-4.6.2-pre1/slang/slcommon.c
|--- mc-4.6.2-pre1.orig/slang/slcommon.c	2006-02-15 18:10:55.000000000 +0300
|+++ mc-4.6.2-pre1/slang/slcommon.c	2008-07-06 18:31:21.000000000 +0400
--------------------------
Patching file slang/slcommon.c using Plan A...
Unreversed patch detected!  Ignore -R? [n] 
Apply anyway? [n] 
Skipping patch.
Hunk #1 ignored at 31.
Hunk #2 ignored at 87.
2 out of 2 hunks ignored -- saving rejects to file slang/slcommon.c.rej
Hmm...  The next patch looks like a unified diff to me...
The text leading up to this was:
--------------------------
|diff -ur mc-4.6.2-pre1.orig/src/main.c mc-4.6.2-pre1/src/main.c
|--- mc-4.6.2-pre1.orig/src/main.c	2008-07-06 18:31:02.000000000 +0400
|+++ mc-4.6.2-pre1/src/main.c	2008-07-06 18:31:21.000000000 +0400
--------------------------
Patching file src/main.c using Plan A...
Unreversed patch detected!  Ignore -R? [n] 
Apply anyway? [n] 
Skipping patch.
Hunk #1 ignored at 24.
Hunk #2 ignored at 276.
Hunk #3 ignored at 2163.
3 out of 3 hunks ignored -- saving rejects to file src/main.c.rej
Hmm...  The next patch looks like a unified diff to me...
The text leading up to this was:
--------------------------
|diff -ur mc-4.6.2-pre1.orig/src/main.h mc-4.6.2-pre1/src/main.h
|--- mc-4.6.2-pre1.orig/src/main.h	2008-07-06 18:31:02.000000000 +0400
|+++ mc-4.6.2-pre1/src/main.h	2008-07-06 18:31:09.000000000 +0400
--------------------------
Patching file src/main.h using Plan A...
Hunk #1 FAILED at 69.
1 out of 1 hunk FAILED -- saving rejects to file src/main.h.rej
Hmm...  The next patch looks like a unified diff to me...
The text leading up to this was:
--------------------------
|diff -ur mc-4.6.2-pre1.orig/src/screen.c mc-4.6.2-pre1/src/screen.c
|--- mc-4.6.2-pre1.orig/src/screen.c	2008-07-06 18:31:02.000000000 +0400
|+++ mc-4.6.2-pre1/src/screen.c	2008-07-06 18:31:09.000000000 +0400
--------------------------
Patching file src/screen.c using Plan A...
Unreversed patch detected!  Ignore -R? [n] 
Apply anyway? [n] 
Skipping patch.
Hunk #1 ignored at 783.
Hunk #2 ignored at 1383.
2 out of 2 hunks ignored -- saving rejects to file src/screen.c.rej
Hmm...  The next patch looks like a unified diff to me...
The text leading up to this was:
--------------------------
|diff -ur mc-4.6.2-pre1.orig/src/widget.c mc-4.6.2-pre1/src/widget.c
|--- mc-4.6.2-pre1.orig/src/widget.c	2008-07-06 18:31:02.000000000 +0400
|+++ mc-4.6.2-pre1/src/widget.c	2008-07-06 18:31:09.000000000 +0400
--------------------------
Patching file src/widget.c using Plan A...
Unreversed patch detected!  Ignore -R? [n] 
Apply anyway? [n] 
Skipping patch.
Hunk #1 ignored at 1706.
Hunk #2 ignored at 1792.
2 out of 2 hunks ignored -- saving rejects to file src/widget.c.rej
Hmm...  The next patch looks like a unified diff to me...
The text leading up to this was:
--------------------------
|diff -ur mc-4.6.2-pre1.orig/src/widget.h mc-4.6.2-pre1/src/widget.h
|--- mc-4.6.2-pre1.orig/src/widget.h	2008-07-06 18:31:02.000000000 +0400
|+++ mc-4.6.2-pre1/src/widget.h	2008-07-06 18:31:09.000000000 +0400
--------------------------
Patching file src/widget.h using Plan A...
Unreversed patch detected!  Ignore -R? [n] 
Apply anyway? [n] 
Skipping patch.
Hunk #1 ignored at 163.
1 out of 1 hunk ignored -- saving rejects to file src/widget.h.rej
done
