Hmm...  Looks like a unified diff to me...
The text leading up to this was:
--------------------------
|--- mc-2007-01-24-03/src/setup.c.showfree	2006-02-23 16:45:06.000000000 +0100
|+++ mc-2007-01-24-03/src/setup.c	2007-02-15 09:53:48.000000000 +0100
--------------------------
Patching file src/setup.c using Plan A...
Unreversed patch detected!  Ignore -R? [n] 
Apply anyway? [n] 
Skipping patch.
Hunk #1 ignored at 134.
1 out of 1 hunk ignored -- saving rejects to file src/setup.c.rej
Hmm...  The next patch looks like a unified diff to me...
The text leading up to this was:
--------------------------
|--- mc-2007-01-24-03/src/main.c.showfree	2007-02-15 09:53:48.000000000 +0100
|+++ mc-2007-01-24-03/src/main.c	2007-02-15 09:53:48.000000000 +0100
--------------------------
Patching file src/main.c using Plan A...
Unreversed patch detected!  Ignore -R? [n] 
Apply anyway? [n] 
Skipping patch.
Hunk #1 ignored at 60.
Hunk #2 ignored at 230.
Hunk #3 ignored at 401.
Hunk #4 ignored at 466.
4 out of 4 hunks ignored -- saving rejects to file src/main.c.rej
Hmm...  The next patch looks like a unified diff to me...
The text leading up to this was:
--------------------------
|--- mc-2007-01-24-03/src/main.h.showfree	2007-02-15 09:53:48.000000000 +0100
|+++ mc-2007-01-24-03/src/main.h	2007-02-15 09:53:48.000000000 +0100
--------------------------
Patching file src/main.h using Plan A...
Unreversed patch detected!  Ignore -R? [n] 
Apply anyway? [n] 
Skipping patch.
Hunk #1 ignored at 55.
Hunk #2 ignored at 102.
2 out of 2 hunks ignored -- saving rejects to file src/main.h.rej
Hmm...  The next patch looks like a unified diff to me...
The text leading up to this was:
--------------------------
|--- mc-2007-01-24-03/src/screen.c.showfree	2007-02-15 09:53:48.000000000 +0100
|+++ mc-2007-01-24-03/src/screen.c	2007-02-15 09:53:48.000000000 +0100
--------------------------
Patching file src/screen.c using Plan A...
Unreversed patch detected!  Ignore -R? [n] 
Apply anyway? [n] 
Skipping patch.
Hunk #1 ignored at 47.
Hunk #2 ignored at 866.
Hunk #3 ignored at 910.
3 out of 3 hunks ignored -- saving rejects to file src/screen.c.rej
Hmm...  The next patch looks like a unified diff to me...
The text leading up to this was:
--------------------------
|--- mc-2007-01-24-03/src/layout.c.showfree	2007-02-15 09:53:47.000000000 +0100
|+++ mc-2007-01-24-03/src/layout.c	2007-02-15 09:53:48.000000000 +0100
--------------------------
Patching file src/layout.c using Plan A...
Unreversed patch detected!  Ignore -R? [n] 
Apply anyway? [n] 
Skipping patch.
Hunk #1 ignored at 96.
Hunk #2 ignored at 125.
Hunk #3 ignored at 155.
Hunk #4 ignored at 226.
Hunk #5 ignored at 241.
Hunk #6 ignored at 288.
Hunk #7 ignored at 332.
Hunk #8 ignored at 371.
Hunk #9 ignored at 388.
Hunk #10 ignored at 443.
Hunk #11 ignored at 469.
11 out of 11 hunks ignored -- saving rejects to file src/layout.c.rej
Hmm...  The next patch looks like a unified diff to me...
The text leading up to this was:
--------------------------
|--- mc-2007-01-24-03/src/layout.h.showfree	2004-12-03 20:17:47.000000000 +0100
|+++ mc-2007-01-24-03/src/layout.h	2007-02-15 09:53:48.000000000 +0100
--------------------------
Patching file src/layout.h using Plan A...
Unreversed patch detected!  Ignore -R? [n] 
Apply anyway? [n] 
Skipping patch.
Hunk #1 ignored at 39.
1 out of 1 hunk ignored -- saving rejects to file src/layout.h.rej
done
