Hmm...  Looks like a unified diff to me...
can't find file to patch at input line 3
Perhaps you used the wrong -p or --strip option?
The text leading up to this was:
--------------------------
|--- mc-2007-01-24-03/src/setup.c.showfree	2006-02-23 16:45:06.000000000 +0100
|+++ mc-2007-01-24-03/src/setup.c	2007-02-15 09:53:48.000000000 +0100
--------------------------
File to patch: 
Skip this patch? [y] 
Skipping patch.
Hunk #1 ignored at 134.
1 out of 1 hunk ignored
Hmm...  The next patch looks like a unified diff to me...
can't find file to patch at input line 13
Perhaps you used the wrong -p or --strip option?
The text leading up to this was:
--------------------------
|--- mc-2007-01-24-03/src/main.c.showfree	2007-02-15 09:53:48.000000000 +0100
|+++ mc-2007-01-24-03/src/main.c	2007-02-15 09:53:48.000000000 +0100
--------------------------
File to patch: 
Skip this patch? [y] 
Skipping patch.
Hunk #1 ignored at 61.
Hunk #2 ignored at 231.
Hunk #3 ignored at 402.
Hunk #4 ignored at 467.
4 out of 4 hunks ignored
Hmm...  The next patch looks like a unified diff to me...
can't find file to patch at input line 84
Perhaps you used the wrong -p or --strip option?
The text leading up to this was:
--------------------------
|--- mc-2007-01-24-03/src/main.h.showfree	2007-02-15 09:53:48.000000000 +0100
|+++ mc-2007-01-24-03/src/main.h	2007-02-15 09:53:48.000000000 +0100
--------------------------
File to patch: 
Skip this patch? [y] 
Skipping patch.
Hunk #1 ignored at 55.
Hunk #2 ignored at 102.
2 out of 2 hunks ignored
Hmm...  The next patch looks like a unified diff to me...
can't find file to patch at input line 102
Perhaps you used the wrong -p or --strip option?
The text leading up to this was:
--------------------------
|--- mc-2007-01-24-03/src/screen.c.showfree	2007-02-15 09:53:48.000000000 +0100
|+++ mc-2007-01-24-03/src/screen.c	2007-02-15 09:53:48.000000000 +0100
--------------------------
File to patch: 
Skip this patch? [y] 
Skipping patch.
Hunk #1 ignored at 47.
Hunk #2 ignored at 866.
Hunk #3 ignored at 910.
3 out of 3 hunks ignored
Hmm...  The next patch looks like a unified diff to me...
can't find file to patch at input line 130
Perhaps you used the wrong -p or --strip option?
The text leading up to this was:
--------------------------
|--- mc-2007-01-24-03/src/layout.c.showfree	2007-02-15 09:53:47.000000000 +0100
|+++ mc-2007-01-24-03/src/layout.c	2007-02-15 09:53:48.000000000 +0100
--------------------------
File to patch: 
Skip this patch? [y] 
Skipping patch.
Hunk #1 ignored at 96.
Hunk #2 ignored at 125.
Hunk #3 ignored at 155.
Hunk #4 ignored at 226.
Hunk #5 ignored at 241.
Hunk #6 ignored at 288.
Hunk #7 ignored at 332.
Hunk #8 ignored at 371.
Hunk #9 ignored at 388.
Hunk #10 ignored at 443.
Hunk #11 ignored at 469.
11 out of 11 hunks ignored
Hmm...  The next patch looks like a unified diff to me...
can't find file to patch at input line 297
Perhaps you used the wrong -p or --strip option?
The text leading up to this was:
--------------------------
|--- mc-2007-01-24-03/src/layout.h.showfree	2004-12-03 20:17:47.000000000 +0100
|+++ mc-2007-01-24-03/src/layout.h	2007-02-15 09:53:48.000000000 +0100
--------------------------
File to patch: 
Skip this patch? [y] 
Skipping patch.
Hunk #1 ignored at 39.
1 out of 1 hunk ignored
done
